<?xml version="1.0" encoding="UTF-8"?>
<!-- Generated by org.testng.reporters.JUnitReportReporter -->
<testsuite hostname="Reggies-Anthony.local" failures="0" tests="2" name="com.assessment.tests.TestMaps" time="45.222" errors="0" timestamp="2024-05-24T10:14:38 IST" skipped="0">
  <testcase classname="com.assessment.tests.TestMaps" name="navigateToMaps" time="10.754"/>
  <system-out/>
  <testcase classname="com.assessment.tests.TestMaps" name="verifyMapLayers" time="34.468"/>
  <system-out/>
</testsuite> <!-- com.assessment.tests.TestMaps -->
