<?xml version="1.0" encoding="UTF-8"?>
<!-- Generated by org.testng.reporters.JUnitReportReporter -->
<testsuite hostname="Reggies-Anthony.local" failures="0" tests="3" name="com.assessment.tests.SearchTest" time="42.503" errors="0" timestamp="2024-05-24T10:14:38 IST" skipped="0">
  <testcase classname="com.assessment.tests.SearchTest" name="testSearchInvalidCity" time="3.606"/>
  <system-out/>
  <testcase classname="com.assessment.tests.SearchTest" name="testSearchCity" time="21.141"/>
  <system-out/>
  <testcase classname="com.assessment.tests.SearchTest" name="testVerifyCityWeatherDetails" time="17.756"/>
  <system-out/>
</testsuite> <!-- com.assessment.tests.SearchTest -->
