<?xml version="1.0" encoding="UTF-8"?>
<!-- Generated by org.testng.reporters.JUnitReportReporter -->
<testsuite hostname="Reggies-Anthony.local" failures="0" tests="4" name="com.assessment.tests.TestApi" time="3.439" errors="0" timestamp="2024-05-24T10:09:52 IST" skipped="0">
  <testcase classname="com.assessment.tests.TestApi" name="getFiveDayForecast" time="0.873"/>
  <system-out/>
  <testcase classname="com.assessment.tests.TestApi" name="invalidCityName" time="1.012"/>
  <system-out/>
  <testcase classname="com.assessment.tests.TestApi" name="invalidapiKey" time="0.295"/>
  <system-out/>
  <testcase classname="com.assessment.tests.TestApi" name="getCurrentWeather" time="1.259"/>
  <system-out/>
</testsuite> <!-- com.assessment.tests.TestApi -->
