<?xml version="1.0" encoding="UTF-8"?>
<!-- Generated by org.testng.reporters.JUnitReportReporter -->
<testsuite hostname="Reggies-Anthony.local" failures="0" tests="6" name="com.assessment.tests.TestWeatherInCity" time="46.944" errors="0" timestamp="2024-05-24T10:14:38 IST" skipped="0">
  <testcase classname="com.assessment.tests.TestWeatherInCity" name="testSearchWeatherInYourCity" time="19.598"/>
  <system-out/>
  <testcase classname="com.assessment.tests.TestWeatherInCity" name="testVerfiyWeatherInYourCityHeadline" time="1.964"/>
  <system-out/>
  <testcase classname="com.assessment.tests.TestWeatherInCity" name="testVerfiyWeatherInYourCitySearchBoxValue" time="0.116"/>
  <system-out/>
  <testcase classname="com.assessment.tests.TestWeatherInCity" name="testVerfiyCityWeatherDetails" time="0.957"/>
  <system-out/>
  <testcase classname="com.assessment.tests.TestWeatherInCity" name="testVerfiyInvalidCityWeatherDetails" time="4.520"/>
  <system-out/>
  <testcase classname="com.assessment.tests.TestWeatherInCity" name="testVerfiyRedirectionToCityPage" time="19.789"/>
  <system-out/>
</testsuite> <!-- com.assessment.tests.TestWeatherInCity -->
