<?xml version="1.0" encoding="UTF-8"?>
<!-- Generated by org.testng.reporters.JUnitReportReporter -->
<testsuite hostname="Reggies-Anthony.local" failures="0" tests="1" name="com.assessment.tests.TestHomepage" time="212.404" errors="0" timestamp="2024-05-22T22:35:36 IST" skipped="0">
  <testcase classname="com.assessment.tests.TestHomepage" name="testSearchCity" time="212.404"/>
  <system-out/>
</testsuite> <!-- com.assessment.tests.TestHomepage -->
